[18:57:07] [main/INFO]: Loading Minecraft 1.20.1 with Fabric Loader 0.16.3
[18:57:07] [main/INFO]: Loading 4 mods:
	- fabricloader 0.16.3
	   \-- mixinextras 0.4.1
	- java 17
	- minecraft 1.20.1
[18:57:07] [main/INFO]: SpongePowered MIXIN Subsystem Version=0.8.7 Source=file:/workspaces/Los-jennys/servidor_minecraft/libraries/net/fabricmc/sponge-mixin/0.15.2+mixin.0.8.7/sponge-mixin-0.15.2+mixin.0.8.7.jar Service=Knot/Fabric Env=SERVER
[18:57:12] [main/INFO]: Environment: authHost='https://authserver.mojang.com', accountsHost='https://api.mojang.com', sessionHost='https://sessionserver.mojang.com', servicesHost='https://api.minecraftservices.com', name='PROD'
[18:57:14] [main/INFO]: Loaded 7 recipes
[18:57:14] [main/INFO]: Loaded 1271 advancements
[18:57:14] [Server thread/INFO]: Starting minecraft server version 1.20.1
[18:57:14] [Server thread/INFO]: Loading properties
[18:57:14] [Server thread/INFO]: Default game type: SURVIVAL
[18:57:14] [Server thread/INFO]: Generating keypair
[18:57:14] [Server thread/INFO]: Starting Minecraft server on *:25565
[18:57:14] [Server thread/INFO]: Using epoll channel type
[18:57:14] [Server thread/WARN]: **** SERVER IS RUNNING IN OFFLINE/INSECURE MODE!
[18:57:14] [Server thread/WARN]: The server will make no attempt to authenticate usernames. Beware.
[18:57:14] [Server thread/WARN]: While this makes the game possible to play without internet access, it also opens up the ability for hackers to connect with any username they choose.
[18:57:14] [Server thread/WARN]: To change this, set "online-mode" to "true" in the server.properties file.
[18:57:15] [Server thread/INFO]: Preparing level "world"
[18:57:20] [Server thread/INFO]: Preparing start region for dimension minecraft:overworld
[18:57:21] [Worker-Main-3/INFO]: Preparing spawn area: 0%
[18:57:21] [Worker-Main-2/INFO]: Preparing spawn area: 0%
[18:57:21] [Worker-Main-3/INFO]: Preparing spawn area: 0%
[18:57:22] [Worker-Main-2/INFO]: Preparing spawn area: 0%
[18:57:22] [Worker-Main-3/INFO]: Preparing spawn area: 0%
[18:57:23] [Worker-Main-1/INFO]: Preparing spawn area: 1%
[18:57:23] [Worker-Main-3/INFO]: Preparing spawn area: 2%
[18:57:24] [Worker-Main-2/INFO]: Preparing spawn area: 3%
[18:57:24] [Worker-Main-3/INFO]: Preparing spawn area: 4%
[18:57:25] [Worker-Main-3/INFO]: Preparing spawn area: 5%
[18:57:25] [Worker-Main-2/INFO]: Preparing spawn area: 7%
[18:57:26] [Worker-Main-1/INFO]: Preparing spawn area: 9%
[18:57:26] [Worker-Main-1/INFO]: Preparing spawn area: 10%
[18:57:27] [Worker-Main-2/INFO]: Preparing spawn area: 12%
[18:57:27] [Worker-Main-1/INFO]: Preparing spawn area: 14%
[18:57:28] [Worker-Main-3/INFO]: Preparing spawn area: 17%
[18:57:28] [Worker-Main-3/INFO]: Preparing spawn area: 17%
[18:57:29] [Worker-Main-3/INFO]: Preparing spawn area: 19%
[18:57:29] [Worker-Main-2/INFO]: Preparing spawn area: 21%
[18:57:30] [Worker-Main-1/INFO]: Preparing spawn area: 24%
[18:57:30] [Worker-Main-3/INFO]: Preparing spawn area: 25%
[18:57:31] [Worker-Main-1/INFO]: Preparing spawn area: 29%
[18:57:31] [Worker-Main-3/INFO]: Preparing spawn area: 31%
[18:57:32] [Worker-Main-3/INFO]: Preparing spawn area: 34%
[18:57:32] [Worker-Main-3/INFO]: Preparing spawn area: 36%
[18:57:33] [Worker-Main-3/INFO]: Preparing spawn area: 40%
[18:57:33] [Worker-Main-3/INFO]: Preparing spawn area: 43%
[18:57:34] [Worker-Main-1/INFO]: Preparing spawn area: 45%
[18:57:34] [Worker-Main-2/INFO]: Preparing spawn area: 48%
[18:57:35] [Worker-Main-1/INFO]: Preparing spawn area: 52%
[18:57:35] [Worker-Main-3/INFO]: Preparing spawn area: 54%
[18:57:36] [Worker-Main-3/INFO]: Preparing spawn area: 57%
[18:57:36] [Worker-Main-3/INFO]: Preparing spawn area: 59%
[18:57:37] [Worker-Main-2/INFO]: Preparing spawn area: 63%
[18:57:37] [Worker-Main-2/INFO]: Preparing spawn area: 66%
[18:57:38] [Worker-Main-3/INFO]: Preparing spawn area: 69%
[18:57:38] [Worker-Main-3/INFO]: Preparing spawn area: 72%
[18:57:39] [Worker-Main-2/INFO]: Preparing spawn area: 76%
[18:57:39] [Worker-Main-3/INFO]: Preparing spawn area: 79%
[18:57:40] [Worker-Main-2/INFO]: Preparing spawn area: 83%
[18:57:40] [Worker-Main-2/INFO]: Preparing spawn area: 85%
[18:57:41] [Worker-Main-2/INFO]: Preparing spawn area: 88%
[18:57:41] [Worker-Main-3/INFO]: Preparing spawn area: 90%
[18:57:42] [Worker-Main-1/INFO]: Preparing spawn area: 94%
[18:57:42] [Worker-Main-2/INFO]: Preparing spawn area: 98%
[18:57:42] [Server thread/INFO]: Time elapsed: 22246 ms
[18:57:42] [Server thread/INFO]: Done (27.983s)! For help, type "help"
[18:57:43] [Server thread/INFO]: Unknown or incomplete command, see below for error
[18:57:43] [Server thread/INFO]: home/codespace/.python/current/bin/python3 /workspaces/Los-jennys/msx.py<--[HERE]
[18:57:56] [Server thread/INFO]: Stopping the server
[18:57:56] [Server thread/INFO]: Stopping server
[18:57:56] [Server thread/INFO]: Saving players
[18:57:56] [Server thread/INFO]: Saving worlds
[18:57:57] [Server thread/INFO]: Saving chunks for level 'ServerLevel[world]'/minecraft:overworld
[18:57:59] [Server thread/INFO]: Saving chunks for level 'ServerLevel[world]'/minecraft:the_nether
[18:57:59] [Server thread/INFO]: Saving chunks for level 'ServerLevel[world]'/minecraft:the_end
[18:57:59] [Server thread/INFO]: ThreadedAnvilChunkStorage (world): All chunks are saved
[18:57:59] [Server thread/INFO]: ThreadedAnvilChunkStorage (DIM-1): All chunks are saved
[18:57:59] [Server thread/INFO]: ThreadedAnvilChunkStorage (DIM1): All chunks are saved
[18:57:59] [Server thread/INFO]: ThreadedAnvilChunkStorage: All dimensions are saved
